<?xml version="1.0" encoding="UTF-8"?>
<!-- Generated by org.testng.reporters.JUnitReportReporter -->
<testsuite hostname="LAPTOP-0J3TV44Q" failures="0" tests="2" name="TestClass1" time="1.624" errors="0" timestamp="2021-07-12T10:40:38 IST" skipped="0">
  <testcase classname="TestClass1" name="test1" time="0.707"/>
  <system-out/>
  <testcase classname="TestClass1" name="test1" time="0.917"/>
  <system-out/>
</testsuite> <!-- TestClass1 -->
